生成启动时间为 2015/12/8 18:58:21。
     1>项目“F:\软件工程与计算2\search faces_1\search faces_1\search faces_1.vcxproj”在节点 2 上(build 个目标)。
     1>InitializeBuildStatus:
         正在创建“Debug\search faces_1.unsuccessfulbuild”，因为已指定“AlwaysCreate”。
       ClCompile:
         F:\vs\VC\bin\CL.exe /c /ZI /nologo /W3 /WX- /Od /Oy- /D WIN32 /D _DEBUG /D _CONSOLE /D _UNICODE /D UNICODE /Gm /EHsc /RTC1 /MDd /GS /fp:precise /Zc:wchar_t /Zc:forScope /Fo"Debug\\" /Fd"Debug\vc100.pdb" /Gd /TP /analyze- /errorReport:prompt "search faces_1.cpp"
         search faces_1.cpp
       ManifestResourceCompile:
         所有输出均为最新。
       Link:
         F:\vs\VC\bin\link.exe /ERRORREPORT:PROMPT /OUT:"F:\软件工程与计算2\search faces_1\Debug\search faces_1.exe" /INCREMENTAL /NOLOGO opencv_calib3d248d.lib opencv_contrib248d.lib opencv_core248d.lib opencv_features2d248d.lib opencv_flann248d.lib opencv_gpu248d.lib opencv_highgui248d.lib opencv_imgproc248d.lib opencv_legacy248d.lib opencv_ml248d.lib opencv_objdetect248d.lib opencv_ts248d.lib opencv_video248d.lib kernel32.lib user32.lib gdi32.lib winspool.lib comdlg32.lib advapi32.lib shell32.lib ole32.lib oleaut32.lib uuid.lib odbc32.lib odbccp32.lib /MANIFEST /ManifestFile:"Debug\search faces_1.exe.intermediate.manifest" /MANIFESTUAC:"level='asInvoker' uiAccess='false'" /DEBUG /PDB:"F:\软件工程与计算2\search faces_1\Debug\search faces_1.pdb" /SUBSYSTEM:CONSOLE /TLBID:1 /DYNAMICBASE /NXCOMPAT /IMPLIB:"F:\软件工程与计算2\search faces_1\Debug\search faces_1.lib" /MACHINE:X86 "Debug\search faces_1.exe.embed.manifest.res"
         "Debug\search faces_1.obj"
       Manifest:
         c:\Program Files (x86)\Microsoft SDKs\Windows\v7.0A\bin\mt.exe /nologo /verbose /out:"Debug\search faces_1.exe.embed.manifest" /manifest "Debug\search faces_1.exe.intermediate.manifest"
         所有输出均为最新。
       LinkEmbedManifest:
         所有输出均为最新。
         search faces_1.vcxproj -> F:\软件工程与计算2\search faces_1\Debug\search faces_1.exe
       FinalizeBuildStatus:
         正在删除文件“Debug\search faces_1.unsuccessfulbuild”。
         正在对“Debug\search faces_1.lastbuildstate”执行 Touch 任务。
     1>已完成生成项目“F:\软件工程与计算2\search faces_1\search faces_1\search faces_1.vcxproj”(build 个目标)的操作。

生成成功。

已用时间 00:00:01.73
